# JRE version: OpenJDK Runtime Environment (15.0+36) (build 15+36-1562)
# Java VM: OpenJDK 64-Bit Server VM (15+36-1562, mixed mode, sharing, tiered, compressed oops, g1 gc, windows-amd64)
GC Precious Log:
 CPUs: 8 total, 8 available
 Memory: 8039M
 Large Page Support: Disabled
 NUMA Support: Disabled
 Compressed Oops: Enabled (32-bit)
 Heap Region Size: 1M
 Heap Min Capacity: 8M
 Heap Initial Capacity: 126M
 Heap Max Capacity: 2010M
 Pre-touch: Disabled
 Parallel Workers: 8
 Concurrent Workers: 2
 Concurrent Refinement Workers: 8
 Periodic GC: Disabled
Heap:
 garbage-first heap   total 261120K, used 18530K [0x0000000082600000, 0x0000000100000000)
  region size 1024K, 1 young (1024K), 1 survivors (1024K)
 Metaspace       used 43730K, capacity 44151K, committed 44288K, reserved 1087488K
  class space    used 5429K, capacity 5582K, committed 5632K, reserved 1048576K
GC Heap History (20 events):
Event: 61.050 GC heap after
{Heap after GC invocations=18 (full 0):
 garbage-first heap   total 58368K, used 18455K [0x0000000082600000, 0x0000000100000000)
  region size 1024K, 2 young (2048K), 2 survivors (2048K)
 Metaspace       used 43730K, capacity 44151K, committed 44288K, reserved 1087488K
  class space    used 5429K, capacity 5582K, committed 5632K, reserved 1048576K
}
Event: 61.064 GC heap before
{Heap before GC invocations=18 (full 0):
 garbage-first heap   total 58368K, used 47127K [0x0000000082600000, 0x0000000100000000)
  region size 1024K, 31 young (31744K), 2 survivors (2048K)
 Metaspace       used 43730K, capacity 44151K, committed 44288K, reserved 1087488K
  class space    used 5429K, capacity 5582K, committed 5632K, reserved 1048576K
}
Event: 61.068 GC heap after
{Heap after GC invocations=19 (full 0):
 garbage-first heap   total 58368K, used 18429K [0x0000000082600000, 0x0000000100000000)
  region size 1024K, 2 young (2048K), 2 survivors (2048K)
 Metaspace       used 43730K, capacity 44151K, committed 44288K, reserved 1087488K
  class space    used 5429K, capacity 5582K, committed 5632K, reserved 1048576K
}
Event: 61.083 GC heap before
{Heap before GC invocations=19 (full 0):
 garbage-first heap   total 58368K, used 47101K [0x0000000082600000, 0x0000000100000000)
  region size 1024K, 31 young (31744K), 2 survivors (2048K)
 Metaspace       used 43730K, capacity 44151K, committed 44288K, reserved 1087488K
  class space    used 5429K, capacity 5582K, committed 5632K, reserved 1048576K
}
Event: 61.087 GC heap after
{Heap after GC invocations=20 (full 0):
 garbage-first heap   total 58368K, used 18420K [0x0000000082600000, 0x0000000100000000)
  region size 1024K, 2 young (2048K), 2 survivors (2048K)
 Metaspace       used 43730K, capacity 44151K, committed 44288K, reserved 1087488K
  class space    used 5429K, capacity 5582K, committed 5632K, reserved 1048576K
}
Event: 61.102 GC heap before
{Heap before GC invocations=20 (full 0):
 garbage-first heap   total 58368K, used 47092K [0x0000000082600000, 0x0000000100000000)
  region size 1024K, 31 young (31744K), 2 survivors (2048K)
 Metaspace       used 43730K, capacity 44151K, committed 44288K, reserved 1087488K
  class space    used 5429K, capacity 5582K, committed 5632K, reserved 1048576K
}
Event: 61.106 GC heap after
{Heap after GC invocations=21 (full 0):
 garbage-first heap   total 58368K, used 18423K [0x0000000082600000, 0x0000000100000000)
  region size 1024K, 2 young (2048K), 2 survivors (2048K)
 Metaspace       used 43730K, capacity 44151K, committed 44288K, reserved 1087488K
  class space    used 5429K, capacity 5582K, committed 5632K, reserved 1048576K
}
Event: 61.120 GC heap before
{Heap before GC invocations=21 (full 0):
 garbage-first heap   total 58368K, used 47095K [0x0000000082600000, 0x0000000100000000)
  region size 1024K, 31 young (31744K), 2 survivors (2048K)
 Metaspace       used 43730K, capacity 44151K, committed 44288K, reserved 1087488K
  class space    used 5429K, capacity 5582K, committed 5632K, reserved 1048576K
}
Event: 61.125 GC heap after
{Heap after GC invocations=22 (full 0):
 garbage-first heap   total 58368K, used 18431K [0x0000000082600000, 0x0000000100000000)
  region size 1024K, 2 young (2048K), 2 survivors (2048K)
 Metaspace       used 43730K, capacity 44151K, committed 44288K, reserved 1087488K
  class space    used 5429K, capacity 5582K, committed 5632K, reserved 1048576K
}
Event: 61.139 GC heap before
{Heap before GC invocations=22 (full 0):
 garbage-first heap   total 58368K, used 47103K [0x0000000082600000, 0x0000000100000000)
  region size 1024K, 31 young (31744K), 2 survivors (2048K)
 Metaspace       used 43730K, capacity 44151K, committed 44288K, reserved 1087488K
  class space    used 5429K, capacity 5582K, committed 5632K, reserved 1048576K
}
Event: 61.143 GC heap after
{Heap after GC invocations=23 (full 0):
 garbage-first heap   total 58368K, used 18473K [0x0000000082600000, 0x0000000100000000)
  region size 1024K, 2 young (2048K), 2 survivors (2048K)
 Metaspace       used 43730K, capacity 44151K, committed 44288K, reserved 1087488K
  class space    used 5429K, capacity 5582K, committed 5632K, reserved 1048576K
}
Event: 61.156 GC heap before
{Heap before GC invocations=23 (full 0):
 garbage-first heap   total 58368K, used 47145K [0x0000000082600000, 0x0000000100000000)
  region size 1024K, 31 young (31744K), 2 survivors (2048K)
 Metaspace       used 43730K, capacity 44151K, committed 44288K, reserved 1087488K
  class space    used 5429K, capacity 5582K, committed 5632K, reserved 1048576K
}
Event: 61.163 GC heap after
{Heap after GC invocations=24 (full 0):
 garbage-first heap   total 123904K, used 18466K [0x0000000082600000, 0x0000000100000000)
  region size 1024K, 2 young (2048K), 2 survivors (2048K)
 Metaspace       used 43730K, capacity 44151K, committed 44288K, reserved 1087488K
  class space    used 5429K, capacity 5582K, committed 5632K, reserved 1048576K
}
Event: 61.334 GC heap before
{Heap before GC invocations=24 (full 0):
 garbage-first heap   total 123904K, used 89122K [0x0000000082600000, 0x0000000100000000)
  region size 1024K, 72 young (73728K), 2 survivors (2048K)
 Metaspace       used 43730K, capacity 44151K, committed 44288K, reserved 1087488K
  class space    used 5429K, capacity 5582K, committed 5632K, reserved 1048576K
}
Event: 61.338 GC heap after
{Heap after GC invocations=25 (full 0):
 garbage-first heap   total 123904K, used 18466K [0x0000000082600000, 0x0000000100000000)
  region size 1024K, 2 young (2048K), 2 survivors (2048K)
 Metaspace       used 43730K, capacity 44151K, committed 44288K, reserved 1087488K
  class space    used 5429K, capacity 5582K, committed 5632K, reserved 1048576K
}
Event: 61.375 GC heap before
{Heap before GC invocations=25 (full 0):
 garbage-first heap   total 123904K, used 89122K [0x0000000082600000, 0x0000000100000000)
  region size 1024K, 72 young (73728K), 2 survivors (2048K)
 Metaspace       used 43730K, capacity 44151K, committed 44288K, reserved 1087488K
  class space    used 5429K, capacity 5582K, committed 5632K, reserved 1048576K
}
Event: 61.379 GC heap after
{Heap after GC invocations=26 (full 0):
 garbage-first heap   total 123904K, used 18572K [0x0000000082600000, 0x0000000100000000)
  region size 1024K, 1 young (1024K), 1 survivors (1024K)
 Metaspace       used 43730K, capacity 44151K, committed 44288K, reserved 1087488K
  class space    used 5429K, capacity 5582K, committed 5632K, reserved 1048576K
}
Event: 61.413 GC heap before
{Heap before GC invocations=26 (full 0):
 garbage-first heap   total 123904K, used 90252K [0x0000000082600000, 0x0000000100000000)
  region size 1024K, 72 young (73728K), 1 survivors (1024K)
 Metaspace       used 43730K, capacity 44151K, committed 44288K, reserved 1087488K
  class space    used 5429K, capacity 5582K, committed 5632K, reserved 1048576K
}
Event: 61.415 GC heap after
{Heap after GC invocations=27 (full 0):
 garbage-first heap   total 123904K, used 18555K [0x0000000082600000, 0x0000000100000000)
  region size 1024K, 1 young (1024K), 1 survivors (1024K)
 Metaspace       used 43730K, capacity 44151K, committed 44288K, reserved 1087488K
  class space    used 5429K, capacity 5582K, committed 5632K, reserved 1048576K
}
Event: 61.444 GC heap before
{Heap before GC invocations=27 (full 0):
 garbage-first heap   total 123904K, used 90235K [0x0000000082600000, 0x0000000100000000)
  region size 1024K, 72 young (73728K), 1 survivors (1024K)
 Metaspace       used 43730K, capacity 44151K, committed 44288K, reserved 1087488K
  class space    used 5429K, capacity 5582K, committed 5632K, reserved 1048576K
}

