# JRE version: OpenJDK Runtime Environment (15.0+36) (build 15+36-1562)
# Java VM: OpenJDK 64-Bit Server VM (15+36-1562, mixed mode, sharing, tiered, compressed oops, g1 gc, windows-amd64)
GC Precious Log:
 CPUs: 8 total, 8 available
 Memory: 8039M
 Large Page Support: Disabled
 NUMA Support: Disabled
 Compressed Oops: Enabled (32-bit)
 Heap Region Size: 1M
 Heap Min Capacity: 8M
 Heap Initial Capacity: 126M
 Heap Max Capacity: 2010M
 Pre-touch: Disabled
 Parallel Workers: 8
 Concurrent Workers: 2
 Concurrent Refinement Workers: 8
 Periodic GC: Disabled
Heap:
 garbage-first heap   total 877568K, used 523977K [0x0000000082600000, 0x0000000100000000)
  region size 1024K, 3 young (3072K), 1 survivors (1024K)
 Metaspace       used 44371K, capacity 44879K, committed 45184K, reserved 1089536K
  class space    used 5523K, capacity 5693K, committed 5760K, reserved 1048576K
GC Heap History (20 events):
Event: 36.655 GC heap before
{Heap before GC invocations=39 (full 0):
 garbage-first heap   total 615424K, used 385927K [0x0000000082600000, 0x0000000100000000)
  region size 1024K, 360 young (368640K), 1 survivors (1024K)
 Metaspace       used 44370K, capacity 44879K, committed 45184K, reserved 1089536K
  class space    used 5523K, capacity 5693K, committed 5760K, reserved 1048576K
}
Event: 36.659 GC heap after
{Heap after GC invocations=40 (full 0):
 garbage-first heap   total 615424K, used 19372K [0x0000000082600000, 0x0000000100000000)
  region size 1024K, 1 young (1024K), 1 survivors (1024K)
 Metaspace       used 44370K, capacity 44879K, committed 45184K, reserved 1089536K
  class space    used 5523K, capacity 5693K, committed 5760K, reserved 1048576K
}
Event: 36.779 GC heap before
{Heap before GC invocations=40 (full 0):
 garbage-first heap   total 615424K, used 385964K [0x0000000082600000, 0x0000000100000000)
  region size 1024K, 360 young (368640K), 1 survivors (1024K)
 Metaspace       used 44370K, capacity 44879K, committed 45184K, reserved 1089536K
  class space    used 5523K, capacity 5693K, committed 5760K, reserved 1048576K
}
Event: 36.781 GC heap after
{Heap after GC invocations=41 (full 0):
 garbage-first heap   total 615424K, used 19430K [0x0000000082600000, 0x0000000100000000)
  region size 1024K, 1 young (1024K), 1 survivors (1024K)
 Metaspace       used 44370K, capacity 44879K, committed 45184K, reserved 1089536K
  class space    used 5523K, capacity 5693K, committed 5760K, reserved 1048576K
}
Event: 36.927 GC heap before
{Heap before GC invocations=41 (full 0):
 garbage-first heap   total 615424K, used 386022K [0x0000000082600000, 0x0000000100000000)
  region size 1024K, 360 young (368640K), 1 survivors (1024K)
 Metaspace       used 44371K, capacity 44879K, committed 45184K, reserved 1089536K
  class space    used 5523K, capacity 5693K, committed 5760K, reserved 1048576K
}
Event: 36.930 GC heap after
{Heap after GC invocations=42 (full 0):
 garbage-first heap   total 615424K, used 19454K [0x0000000082600000, 0x0000000100000000)
  region size 1024K, 1 young (1024K), 1 survivors (1024K)
 Metaspace       used 44371K, capacity 44879K, committed 45184K, reserved 1089536K
  class space    used 5523K, capacity 5693K, committed 5760K, reserved 1048576K
}
Event: 37.064 GC heap before
{Heap before GC invocations=42 (full 0):
 garbage-first heap   total 615424K, used 386046K [0x0000000082600000, 0x0000000100000000)
  region size 1024K, 360 young (368640K), 1 survivors (1024K)
 Metaspace       used 44371K, capacity 44879K, committed 45184K, reserved 1089536K
  class space    used 5523K, capacity 5693K, committed 5760K, reserved 1048576K
}
Event: 37.067 GC heap after
{Heap after GC invocations=43 (full 0):
 garbage-first heap   total 615424K, used 19487K [0x0000000082600000, 0x0000000100000000)
  region size 1024K, 1 young (1024K), 1 survivors (1024K)
 Metaspace       used 44371K, capacity 44879K, committed 45184K, reserved 1089536K
  class space    used 5523K, capacity 5693K, committed 5760K, reserved 1048576K
}
Event: 37.201 GC heap before
{Heap before GC invocations=43 (full 0):
 garbage-first heap   total 615424K, used 386079K [0x0000000082600000, 0x0000000100000000)
  region size 1024K, 360 young (368640K), 1 survivors (1024K)
 Metaspace       used 44371K, capacity 44879K, committed 45184K, reserved 1089536K
  class space    used 5523K, capacity 5693K, committed 5760K, reserved 1048576K
}
Event: 37.204 GC heap after
{Heap after GC invocations=44 (full 0):
 garbage-first heap   total 615424K, used 19511K [0x0000000082600000, 0x0000000100000000)
  region size 1024K, 1 young (1024K), 1 survivors (1024K)
 Metaspace       used 44371K, capacity 44879K, committed 45184K, reserved 1089536K
  class space    used 5523K, capacity 5693K, committed 5760K, reserved 1048576K
}
Event: 37.358 GC heap before
{Heap before GC invocations=44 (full 0):
 garbage-first heap   total 615424K, used 386103K [0x0000000082600000, 0x0000000100000000)
  region size 1024K, 360 young (368640K), 1 survivors (1024K)
 Metaspace       used 44371K, capacity 44879K, committed 45184K, reserved 1089536K
  class space    used 5523K, capacity 5693K, committed 5760K, reserved 1048576K
}
Event: 37.361 GC heap after
{Heap after GC invocations=45 (full 0):
 garbage-first heap   total 615424K, used 19531K [0x0000000082600000, 0x0000000100000000)
  region size 1024K, 1 young (1024K), 1 survivors (1024K)
 Metaspace       used 44371K, capacity 44879K, committed 45184K, reserved 1089536K
  class space    used 5523K, capacity 5693K, committed 5760K, reserved 1048576K
}
Event: 37.527 GC heap before
{Heap before GC invocations=45 (full 0):
 garbage-first heap   total 615424K, used 386123K [0x0000000082600000, 0x0000000100000000)
  region size 1024K, 360 young (368640K), 1 survivors (1024K)
 Metaspace       used 44371K, capacity 44879K, committed 45184K, reserved 1089536K
  class space    used 5523K, capacity 5693K, committed 5760K, reserved 1048576K
}
Event: 37.530 GC heap after
{Heap after GC invocations=46 (full 0):
 garbage-first heap   total 615424K, used 19560K [0x0000000082600000, 0x0000000100000000)
  region size 1024K, 1 young (1024K), 1 survivors (1024K)
 Metaspace       used 44371K, capacity 44879K, committed 45184K, reserved 1089536K
  class space    used 5523K, capacity 5693K, committed 5760K, reserved 1048576K
}
Event: 37.753 GC heap before
{Heap before GC invocations=46 (full 0):
 garbage-first heap   total 615424K, used 386152K [0x0000000082600000, 0x0000000100000000)
  region size 1024K, 360 young (368640K), 1 survivors (1024K)
 Metaspace       used 44371K, capacity 44879K, committed 45184K, reserved 1089536K
  class space    used 5523K, capacity 5693K, committed 5760K, reserved 1048576K
}
Event: 37.758 GC heap after
{Heap after GC invocations=47 (full 0):
 garbage-first heap   total 615424K, used 19616K [0x0000000082600000, 0x0000000100000000)
  region size 1024K, 1 young (1024K), 1 survivors (1024K)
 Metaspace       used 44371K, capacity 44879K, committed 45184K, reserved 1089536K
  class space    used 5523K, capacity 5693K, committed 5760K, reserved 1048576K
}
Event: 38.005 GC heap before
{Heap before GC invocations=47 (full 0):
 garbage-first heap   total 615424K, used 386208K [0x0000000082600000, 0x0000000100000000)
  region size 1024K, 360 young (368640K), 1 survivors (1024K)
 Metaspace       used 44371K, capacity 44879K, committed 45184K, reserved 1089536K
  class space    used 5523K, capacity 5693K, committed 5760K, reserved 1048576K
}
Event: 38.009 GC heap after
{Heap after GC invocations=48 (full 0):
 garbage-first heap   total 615424K, used 19641K [0x0000000082600000, 0x0000000100000000)
  region size 1024K, 1 young (1024K), 1 survivors (1024K)
 Metaspace       used 44371K, capacity 44879K, committed 45184K, reserved 1089536K
  class space    used 5523K, capacity 5693K, committed 5760K, reserved 1048576K
}
Event: 38.282 GC heap before
{Heap before GC invocations=48 (full 0):
 garbage-first heap   total 615424K, used 581817K [0x0000000082600000, 0x0000000100000000)
  region size 1024K, 301 young (308224K), 1 survivors (1024K)
 Metaspace       used 44371K, capacity 44879K, committed 45184K, reserved 1089536K
  class space    used 5523K, capacity 5693K, committed 5760K, reserved 1048576K
}
Event: 38.294 GC heap after
{Heap after GC invocations=49 (full 0):
 garbage-first heap   total 615424K, used 20169K [0x0000000082600000, 0x0000000100000000)
  region size 1024K, 1 young (1024K), 1 survivors (1024K)
 Metaspace       used 44371K, capacity 44879K, committed 45184K, reserved 1089536K
  class space    used 5523K, capacity 5693K, committed 5760K, reserved 1048576K
}

